<?xml version="1.0" encoding="UTF-8"?>
<coverage generated="1605604988364" clover="3.2.0">
  <project timestamp="1605604988364" name="All files">
    <metrics statements="54" coveredstatements="53" conditionals="22" coveredconditionals="22" methods="18" coveredmethods="17" elements="94" coveredelements="92" complexity="0" loc="54" ncloc="54" packages="1" files="5" classes="5"/>
    <file name="CalendarContent.vue" path="C:\Users\Josh\Desktop\calendar\src\components\calendar\CalendarContent.vue">
      <metrics statements="8" coveredstatements="8" conditionals="4" coveredconditionals="4" methods="4" coveredmethods="4"/>
      <line num="9" count="2" type="stmt"/>
      <line num="10" count="2" type="stmt"/>
      <line num="18" count="4" type="stmt"/>
      <line num="19" count="4" type="stmt"/>
      <line num="22" count="6" type="cond" truecount="2" falsecount="0"/>
      <line num="23" count="2" type="stmt"/>
      <line num="26" count="6" type="cond" truecount="2" falsecount="0"/>
      <line num="27" count="2" type="stmt"/>
    </file>
    <file name="CalendarDate.vue" path="C:\Users\Josh\Desktop\calendar\src\components\calendar\CalendarDate.vue">
      <metrics statements="18" coveredstatements="18" conditionals="14" coveredconditionals="14" methods="5" coveredmethods="5"/>
      <line num="8" count="5" type="stmt"/>
      <line num="9" count="5" type="stmt"/>
      <line num="15" count="1" type="stmt"/>
      <line num="20" count="7" type="stmt"/>
      <line num="21" count="6" type="stmt"/>
      <line num="24" count="10" type="cond" truecount="2" falsecount="0"/>
      <line num="25" count="8" type="stmt"/>
      <line num="26" count="8" type="stmt"/>
      <line num="27" count="8" type="cond" truecount="2" falsecount="0"/>
      <line num="28" count="1" type="stmt"/>
      <line num="29" count="7" type="cond" truecount="2" falsecount="0"/>
      <line num="30" count="1" type="stmt"/>
      <line num="31" count="6" type="cond" truecount="2" falsecount="0"/>
      <line num="32" count="3" type="cond" truecount="4" falsecount="0"/>
      <line num="33" count="2" type="stmt"/>
      <line num="35" count="1" type="stmt"/>
      <line num="37" count="3" type="stmt"/>
      <line num="41" count="9" type="cond" truecount="2" falsecount="0"/>
    </file>
    <file name="CalendarDateTable.vue" path="C:\Users\Josh\Desktop\calendar\src\components\calendar\CalendarDateTable.vue">
      <metrics statements="23" coveredstatements="22" conditionals="4" coveredconditionals="4" methods="7" coveredmethods="6"/>
      <line num="23" count="4" type="stmt"/>
      <line num="32" count="1" type="stmt"/>
      <line num="36" count="1" type="stmt"/>
      <line num="39" count="4" type="stmt"/>
      <line num="43" count="4" type="stmt"/>
      <line num="47" count="0" type="stmt"/>
      <line num="52" count="5" type="stmt"/>
      <line num="60" count="5" type="stmt"/>
      <line num="61" count="5" type="stmt"/>
      <line num="62" count="5" type="stmt"/>
      <line num="63" count="5" type="stmt"/>
      <line num="64" count="5" type="stmt"/>
      <line num="65" count="150" type="stmt"/>
      <line num="66" count="150" type="stmt"/>
      <line num="67" count="150" type="stmt"/>
      <line num="71" count="5" type="stmt"/>
      <line num="74" count="8" type="stmt"/>
      <line num="75" count="8" type="stmt"/>
      <line num="76" count="8" type="cond" truecount="2" falsecount="0"/>
      <line num="77" count="6" type="stmt"/>
      <line num="79" count="2" type="cond" truecount="2" falsecount="0"/>
      <line num="80" count="1" type="stmt"/>
      <line num="83" count="1" type="stmt"/>
    </file>
    <file name="CalendarMain.vue" path="C:\Users\Josh\Desktop\calendar\src\components\calendar\CalendarMain.vue">
      <metrics statements="2" coveredstatements="2" conditionals="0" coveredconditionals="0" methods="0" coveredmethods="0"/>
      <line num="16" count="1" type="stmt"/>
      <line num="17" count="1" type="stmt"/>
    </file>
    <file name="CalendarWrapper.vue" path="C:\Users\Josh\Desktop\calendar\src\components\calendar\CalendarWrapper.vue">
      <metrics statements="3" coveredstatements="3" conditionals="0" coveredconditionals="0" methods="2" coveredmethods="2"/>
      <line num="11" count="3" type="stmt"/>
      <line num="20" count="1" type="stmt"/>
      <line num="24" count="1" type="stmt"/>
    </file>
  </project>
</coverage>
