{"C:\\Users\\Josh\\Desktop\\calendar\\src\\components\\calendar\\CalendarContent.vue": {"path":"C:\\Users\\Josh\\Desktop\\calendar\\src\\components\\calendar\\CalendarContent.vue","statementMap":{"0":{"start":{"line":9,"column":0},"end":{"line":9,"column":null}},"1":{"start":{"line":10,"column":0},"end":{"line":10,"column":null}},"2":{"start":{"line":18,"column":0},"end":{"line":18,"column":null}},"3":{"start":{"line":19,"column":0},"end":{"line":19,"column":null}},"4":{"start":{"line":22,"column":0},"end":{"line":22,"column":null}},"5":{"start":{"line":23,"column":0},"end":{"line":23,"column":null}},"6":{"start":{"line":26,"column":0},"end":{"line":26,"column":null}},"7":{"start":{"line":27,"column":0},"end":{"line":27,"column":null}}},"fnMap":{"0":{"name":"(anonymous_1)","decl":{"start":{"line":18,"column":0},"end":{"line":18,"column":null}},"loc":{"start":{"line":18,"column":0},"end":{"line":18,"column":null}}},"1":{"name":"(anonymous_2)","decl":{"start":{"line":19,"column":0},"end":{"line":19,"column":null}},"loc":{"start":{"line":19,"column":0},"end":{"line":19,"column":null}}},"2":{"name":"(anonymous_3)","decl":{"start":{"line":21,"column":0},"end":{"line":21,"column":null}},"loc":{"start":{"line":21,"column":0},"end":{"line":24,"column":null}}},"3":{"name":"(anonymous_4)","decl":{"start":{"line":25,"column":0},"end":{"line":25,"column":null}},"loc":{"start":{"line":25,"column":0},"end":{"line":28,"column":null}}}},"branchMap":{"0":{"loc":{"start":{"line":22,"column":0},"end":{"line":22,"column":null}},"type":"if","locations":[{"start":{"line":22,"column":0},"end":{"line":22,"column":null}},{"start":{"line":22,"column":0},"end":{"line":22,"column":null}}]},"1":{"loc":{"start":{"line":26,"column":0},"end":{"line":26,"column":null}},"type":"if","locations":[{"start":{"line":26,"column":0},"end":{"line":26,"column":null}},{"start":{"line":26,"column":0},"end":{"line":26,"column":null}}]}},"s":{"0":2,"1":2,"2":4,"3":4,"4":6,"5":2,"6":6,"7":2},"f":{"0":4,"1":4,"2":4,"3":4},"b":{"0":[2,2],"1":[2,2]}}
,"C:\\Users\\Josh\\Desktop\\calendar\\src\\components\\calendar\\CalendarDate.vue": {"path":"C:\\Users\\Josh\\Desktop\\calendar\\src\\components\\calendar\\CalendarDate.vue","statementMap":{"0":{"start":{"line":8,"column":0},"end":{"line":8,"column":null}},"1":{"start":{"line":9,"column":0},"end":{"line":9,"column":null}},"2":{"start":{"line":15,"column":0},"end":{"line":15,"column":null}},"3":{"start":{"line":20,"column":0},"end":{"line":20,"column":null}},"4":{"start":{"line":21,"column":0},"end":{"line":21,"column":null}},"5":{"start":{"line":24,"column":0},"end":{"line":24,"column":null}},"6":{"start":{"line":25,"column":0},"end":{"line":25,"column":null}},"7":{"start":{"line":26,"column":0},"end":{"line":26,"column":null}},"8":{"start":{"line":27,"column":0},"end":{"line":38,"column":null}},"9":{"start":{"line":28,"column":0},"end":{"line":28,"column":null}},"10":{"start":{"line":29,"column":0},"end":{"line":38,"column":null}},"11":{"start":{"line":30,"column":0},"end":{"line":30,"column":null}},"12":{"start":{"line":31,"column":0},"end":{"line":38,"column":null}},"13":{"start":{"line":32,"column":0},"end":{"line":34,"column":null}},"14":{"start":{"line":33,"column":0},"end":{"line":33,"column":null}},"15":{"start":{"line":35,"column":0},"end":{"line":35,"column":null}},"16":{"start":{"line":37,"column":0},"end":{"line":37,"column":null}},"17":{"start":{"line":41,"column":0},"end":{"line":41,"column":null}}},"fnMap":{"0":{"name":"(anonymous_1)","decl":{"start":{"line":15,"column":0},"end":{"line":15,"column":null}},"loc":{"start":{"line":15,"column":0},"end":{"line":15,"column":null}}},"1":{"name":"(anonymous_2)","decl":{"start":{"line":20,"column":0},"end":{"line":20,"column":null}},"loc":{"start":{"line":20,"column":0},"end":{"line":20,"column":null}}},"2":{"name":"(anonymous_3)","decl":{"start":{"line":21,"column":0},"end":{"line":21,"column":null}},"loc":{"start":{"line":21,"column":0},"end":{"line":21,"column":null}}},"3":{"name":"(anonymous_4)","decl":{"start":{"line":23,"column":0},"end":{"line":23,"column":null}},"loc":{"start":{"line":23,"column":0},"end":{"line":39,"column":null}}},"4":{"name":"(anonymous_5)","decl":{"start":{"line":40,"column":0},"end":{"line":40,"column":null}},"loc":{"start":{"line":40,"column":0},"end":{"line":42,"column":null}}}},"branchMap":{"0":{"loc":{"start":{"line":24,"column":0},"end":{"line":24,"column":null}},"type":"if","locations":[{"start":{"line":24,"column":0},"end":{"line":24,"column":null}},{"start":{"line":24,"column":0},"end":{"line":24,"column":null}}]},"1":{"loc":{"start":{"line":27,"column":0},"end":{"line":38,"column":null}},"type":"if","locations":[{"start":{"line":27,"column":0},"end":{"line":38,"column":null}},{"start":{"line":27,"column":0},"end":{"line":38,"column":null}}]},"2":{"loc":{"start":{"line":29,"column":0},"end":{"line":38,"column":null}},"type":"if","locations":[{"start":{"line":29,"column":0},"end":{"line":38,"column":null}},{"start":{"line":29,"column":0},"end":{"line":38,"column":null}}]},"3":{"loc":{"start":{"line":31,"column":0},"end":{"line":38,"column":null}},"type":"if","locations":[{"start":{"line":31,"column":0},"end":{"line":38,"column":null}},{"start":{"line":31,"column":0},"end":{"line":38,"column":null}}]},"4":{"loc":{"start":{"line":32,"column":0},"end":{"line":34,"column":null}},"type":"if","locations":[{"start":{"line":32,"column":0},"end":{"line":34,"column":null}},{"start":{"line":32,"column":0},"end":{"line":34,"column":null}}]},"5":{"loc":{"start":{"line":32,"column":0},"end":{"line":32,"column":null}},"type":"binary-expr","locations":[{"start":{"line":32,"column":0},"end":{"line":32,"column":null}},{"start":{"line":32,"column":0},"end":{"line":32,"column":null}}]},"6":{"loc":{"start":{"line":41,"column":0},"end":{"line":41,"column":null}},"type":"cond-expr","locations":[{"start":{"line":41,"column":0},"end":{"line":41,"column":null}},{"start":{"line":41,"column":0},"end":{"line":41,"column":null}}]}},"s":{"0":5,"1":5,"2":1,"3":7,"4":6,"5":10,"6":8,"7":8,"8":8,"9":1,"10":7,"11":1,"12":6,"13":3,"14":2,"15":1,"16":3,"17":9},"f":{"0":1,"1":7,"2":6,"3":9,"4":9},"b":{"0":[1,8],"1":[1,7],"2":[1,6],"3":[3,3],"4":[2,1],"5":[3,2],"6":[8,1]}}
,"C:\\Users\\Josh\\Desktop\\calendar\\src\\components\\calendar\\CalendarDateTable.vue": {"path":"C:\\Users\\Josh\\Desktop\\calendar\\src\\components\\calendar\\CalendarDateTable.vue","statementMap":{"0":{"start":{"line":23,"column":0},"end":{"line":23,"column":null}},"1":{"start":{"line":32,"column":0},"end":{"line":32,"column":null}},"2":{"start":{"line":36,"column":0},"end":{"line":36,"column":null}},"3":{"start":{"line":39,"column":0},"end":{"line":39,"column":null}},"4":{"start":{"line":43,"column":0},"end":{"line":43,"column":null}},"5":{"start":{"line":47,"column":0},"end":{"line":47,"column":null}},"6":{"start":{"line":52,"column":0},"end":{"line":58,"column":null}},"7":{"start":{"line":60,"column":0},"end":{"line":60,"column":null}},"8":{"start":{"line":61,"column":0},"end":{"line":61,"column":null}},"9":{"start":{"line":62,"column":0},"end":{"line":62,"column":null}},"10":{"start":{"line":63,"column":0},"end":{"line":63,"column":null}},"11":{"start":{"line":64,"column":0},"end":{"line":70,"column":null}},"12":{"start":{"line":64,"column":0},"end":{"line":64,"column":null}},"13":{"start":{"line":65,"column":0},"end":{"line":65,"column":null}},"14":{"start":{"line":66,"column":0},"end":{"line":66,"column":null}},"15":{"start":{"line":67,"column":0},"end":{"line":67,"column":null}},"16":{"start":{"line":71,"column":0},"end":{"line":71,"column":null}},"17":{"start":{"line":74,"column":0},"end":{"line":74,"column":null}},"18":{"start":{"line":75,"column":0},"end":{"line":75,"column":null}},"19":{"start":{"line":76,"column":0},"end":{"line":78,"column":null}},"20":{"start":{"line":77,"column":0},"end":{"line":77,"column":null}},"21":{"start":{"line":79,"column":0},"end":{"line":81,"column":null}},"22":{"start":{"line":80,"column":0},"end":{"line":80,"column":null}},"23":{"start":{"line":83,"column":0},"end":{"line":83,"column":null}}},"fnMap":{"0":{"name":"(anonymous_1)","decl":{"start":{"line":32,"column":0},"end":{"line":32,"column":null}},"loc":{"start":{"line":32,"column":0},"end":{"line":32,"column":null}}},"1":{"name":"(anonymous_2)","decl":{"start":{"line":36,"column":0},"end":{"line":36,"column":null}},"loc":{"start":{"line":36,"column":0},"end":{"line":36,"column":null}}},"2":{"name":"(anonymous_3)","decl":{"start":{"line":39,"column":0},"end":{"line":39,"column":null}},"loc":{"start":{"line":39,"column":0},"end":{"line":39,"column":null}}},"3":{"name":"(anonymous_4)","decl":{"start":{"line":42,"column":0},"end":{"line":42,"column":null}},"loc":{"start":{"line":42,"column":0},"end":{"line":44,"column":null}}},"4":{"name":"(anonymous_5)","decl":{"start":{"line":46,"column":0},"end":{"line":46,"column":null}},"loc":{"start":{"line":46,"column":0},"end":{"line":48,"column":null}}},"5":{"name":"(anonymous_6)","decl":{"start":{"line":51,"column":0},"end":{"line":51,"column":null}},"loc":{"start":{"line":51,"column":0},"end":{"line":72,"column":null}}},"6":{"name":"(anonymous_7)","decl":{"start":{"line":73,"column":0},"end":{"line":73,"column":null}},"loc":{"start":{"line":73,"column":0},"end":{"line":84,"column":null}}}},"branchMap":{"0":{"loc":{"start":{"line":76,"column":0},"end":{"line":78,"column":null}},"type":"if","locations":[{"start":{"line":76,"column":0},"end":{"line":78,"column":null}},{"start":{"line":76,"column":0},"end":{"line":78,"column":null}}]},"1":{"loc":{"start":{"line":79,"column":0},"end":{"line":81,"column":null}},"type":"if","locations":[{"start":{"line":79,"column":0},"end":{"line":81,"column":null}},{"start":{"line":79,"column":0},"end":{"line":81,"column":null}}]}},"s":{"0":4,"1":1,"2":1,"3":4,"4":4,"5":0,"6":5,"7":5,"8":5,"9":5,"10":5,"11":5,"12":5,"13":150,"14":150,"15":150,"16":5,"17":8,"18":8,"19":8,"20":6,"21":2,"22":1,"23":1},"f":{"0":1,"1":1,"2":4,"3":4,"4":0,"5":5,"6":8},"b":{"0":[6,2],"1":[1,1]}}
,"C:\\Users\\Josh\\Desktop\\calendar\\src\\components\\calendar\\CalendarMain.vue": {"path":"C:\\Users\\Josh\\Desktop\\calendar\\src\\components\\calendar\\CalendarMain.vue","statementMap":{"0":{"start":{"line":16,"column":0},"end":{"line":16,"column":null}},"1":{"start":{"line":17,"column":0},"end":{"line":17,"column":null}}},"fnMap":{},"branchMap":{},"s":{"0":1,"1":1},"f":{},"b":{}}
,"C:\\Users\\Josh\\Desktop\\calendar\\src\\components\\calendar\\CalendarWrapper.vue": {"path":"C:\\Users\\Josh\\Desktop\\calendar\\src\\components\\calendar\\CalendarWrapper.vue","statementMap":{"0":{"start":{"line":11,"column":0},"end":{"line":11,"column":null}},"1":{"start":{"line":20,"column":0},"end":{"line":20,"column":null}},"2":{"start":{"line":24,"column":0},"end":{"line":24,"column":null}}},"fnMap":{"0":{"name":"(anonymous_1)","decl":{"start":{"line":20,"column":0},"end":{"line":20,"column":null}},"loc":{"start":{"line":20,"column":0},"end":{"line":20,"column":null}}},"1":{"name":"(anonymous_2)","decl":{"start":{"line":24,"column":0},"end":{"line":24,"column":null}},"loc":{"start":{"line":24,"column":0},"end":{"line":24,"column":null}}}},"branchMap":{},"s":{"0":3,"1":1,"2":1},"f":{"0":1,"1":1},"b":{}}
}
