TN:
SF:C:\Users\Josh\Desktop\calendar\src\components\calendar\CalendarContent.vue
FN:18,(anonymous_1)
FN:19,(anonymous_2)
FN:21,(anonymous_3)
FN:25,(anonymous_4)
FNF:4
FNH:4
FNDA:4,(anonymous_1)
FNDA:4,(anonymous_2)
FNDA:4,(anonymous_3)
FNDA:4,(anonymous_4)
DA:9,2
DA:10,2
DA:18,4
DA:19,4
DA:22,6
DA:23,2
DA:26,6
DA:27,2
LF:8
LH:8
BRDA:22,0,0,2
BRDA:22,0,1,2
BRDA:26,1,0,2
BRDA:26,1,1,2
BRF:4
BRH:4
end_of_record
TN:
SF:C:\Users\Josh\Desktop\calendar\src\components\calendar\CalendarDate.vue
FN:15,(anonymous_1)
FN:20,(anonymous_2)
FN:21,(anonymous_3)
FN:23,(anonymous_4)
FN:40,(anonymous_5)
FNF:5
FNH:5
FNDA:1,(anonymous_1)
FNDA:7,(anonymous_2)
FNDA:6,(anonymous_3)
FNDA:9,(anonymous_4)
FNDA:9,(anonymous_5)
DA:8,5
DA:9,5
DA:15,1
DA:20,7
DA:21,6
DA:24,10
DA:25,8
DA:26,8
DA:27,8
DA:28,1
DA:29,7
DA:30,1
DA:31,6
DA:32,3
DA:33,2
DA:35,1
DA:37,3
DA:41,9
LF:18
LH:18
BRDA:24,0,0,1
BRDA:24,0,1,8
BRDA:27,1,0,1
BRDA:27,1,1,7
BRDA:29,2,0,1
BRDA:29,2,1,6
BRDA:31,3,0,3
BRDA:31,3,1,3
BRDA:32,4,0,2
BRDA:32,4,1,1
BRDA:32,5,0,3
BRDA:32,5,1,2
BRDA:41,6,0,8
BRDA:41,6,1,1
BRF:14
BRH:14
end_of_record
TN:
SF:C:\Users\Josh\Desktop\calendar\src\components\calendar\CalendarDateTable.vue
FN:32,(anonymous_1)
FN:36,(anonymous_2)
FN:39,(anonymous_3)
FN:42,(anonymous_4)
FN:46,(anonymous_5)
FN:51,(anonymous_6)
FN:73,(anonymous_7)
FNF:7
FNH:6
FNDA:1,(anonymous_1)
FNDA:1,(anonymous_2)
FNDA:4,(anonymous_3)
FNDA:4,(anonymous_4)
FNDA:0,(anonymous_5)
FNDA:5,(anonymous_6)
FNDA:8,(anonymous_7)
DA:23,4
DA:32,1
DA:36,1
DA:39,4
DA:43,4
DA:47,0
DA:52,5
DA:60,5
DA:61,5
DA:62,5
DA:63,5
DA:64,5
DA:65,150
DA:66,150
DA:67,150
DA:71,5
DA:74,8
DA:75,8
DA:76,8
DA:77,6
DA:79,2
DA:80,1
DA:83,1
LF:23
LH:22
BRDA:76,0,0,6
BRDA:76,0,1,2
BRDA:79,1,0,1
BRDA:79,1,1,1
BRF:4
BRH:4
end_of_record
TN:
SF:C:\Users\Josh\Desktop\calendar\src\components\calendar\CalendarMain.vue
FNF:0
FNH:0
DA:16,1
DA:17,1
LF:2
LH:2
BRF:0
BRH:0
end_of_record
TN:
SF:C:\Users\Josh\Desktop\calendar\src\components\calendar\CalendarWrapper.vue
FN:20,(anonymous_1)
FN:24,(anonymous_2)
FNF:2
FNH:2
FNDA:1,(anonymous_1)
FNDA:1,(anonymous_2)
DA:11,3
DA:20,1
DA:24,1
LF:3
LH:3
BRF:0
BRH:0
end_of_record
